scanner 2 found at Vector[-70, 28, -1272] with rotation 13
identified 13 new beacons. 39 total
-----
scanner 12 found at Vector[9, 1216, -25] with rotation 12
identified 14 new beacons. 53 total
-----
scanner 11 found at Vector[6, 130, -2570] with rotation 2
identified 14 new beacons. 67 total
-----
scanner 24 found at Vector[18, -1061, -1242] with rotation 14
identified 14 new beacons. 81 total
-----
scanner 7 found at Vector[14, 1370, 1125] with rotation 11
identified 14 new beacons. 95 total
-----
scanner 16 found at Vector[1275, 1293, -40] with rotation 19
identified 14 new beacons. 109 total
-----
scanner 3 found at Vector[1254, 47, -2555] with rotation 23
identified 14 new beacons. 123 total
-----
scanner 9 found at Vector[-1183, 27, -2414] with rotation 16
identified 14 new beacons. 137 total
-----
scanner 31 found at Vector[53, 1240, -2471] with rotation 4
identified 14 new beacons. 151 total
-----
scanner 34 found at Vector[51, -1172, -2389] with rotation 7
identified 7 new beacons. 158 total
-----
scanner 10 found at Vector[-1145, -1019, -1316] with rotation 9
identified 12 new beacons. 170 total
-----
scanner 30 found at Vector[69, -2403, -1371] with rotation 15
identified 15 new beacons. 185 total
-----
scanner 4 found at Vector[107, 2503, 1043] with rotation 3
identified 13 new beacons. 198 total
-----
scanner 13 found at Vector[1148, 1288, 1221] with rotation 18
identified 8 new beacons. 206 total
-----
scanner 14 found at Vector[-1192, 1274, 1183] with rotation 10
identified 14 new beacons. 220 total
-----
scanner 18 found at Vector[1312, 2431, -74] with rotation 7
identified 11 new beacons. 231 total
-----
scanner 23 found at Vector[2388, 1292, -161] with rotation 8
identified 13 new beacons. 244 total
-----
scanner 25 found at Vector[-1201, -1054, -2387] with rotation 17
identified 5 new beacons. 249 total
-----
scanner 28 found at Vector[-1181, 12, -3643] with rotation 19
identified 14 new beacons. 263 total
-----
scanner 15 found at Vector[83, -2268, -2440] with rotation 1
identified 8 new beacons. 271 total
-----
scanner 6 found at Vector[2468, 1268, 1037] with rotation 5
identified 8 new beacons. 279 total
-----
scanner 19 found at Vector[-1226, 25, 1218] with rotation 6
identified 11 new beacons. 290 total
-----
scanner 26 found at Vector[-1246, 1273, 2324] with rotation 20
identified 14 new beacons. 304 total
-----
scanner 21 found at Vector[3697, 1342, -106] with rotation 17
identified 14 new beacons. 318 total
-----
scanner 27 found at Vector[2361, 63, -153] with rotation 22
identified 14 new beacons. 332 total
-----
scanner 22 found at Vector[-1177, -2373, -2403] with rotation 21
identified 8 new beacons. 340 total
-----
scanner 32 found at Vector[3559, 1311, 1162] with rotation 5
identified 7 new beacons. 347 total
-----
scanner 1 found at Vector[-2475, 53, 1039] with rotation 15
identified 14 new beacons. 361 total
-----
scanner 29 found at Vector[2411, -1056, -3] with rotation 5
identified 14 new beacons. 375 total
-----
scanner 17 found at Vector[-2458, 150, -130] with rotation 22
identified 10 new beacons. 385 total
-----
scanner 5 found at Vector[2378, -1045, 1223] with rotation 20
identified 14 new beacons. 399 total
-----
scanner 33 found at Vector[2377, -2303, 6] with rotation 16
identified 14 new beacons. 413 total
-----
scanner 8 found at Vector[-2404, -1074, -96] with rotation 4
identified 11 new beacons. 424 total
-----
scanner 20 found at Vector[2401, -3418, -16] with rotation 14
identified 14 new beacons. 438 total
-----
438
